<!DOCTYPE html PUBLIC "-//W3C//DTD HTML 3.2 Final//EN"><html>
<title>Directory listing for /</title>
<body>
<h2>Directory listing for /</h2>
<hr>
<ul>
<li><a href=".bash_history">.bash_history</a>
<li><a href=".bash_logout">.bash_logout</a>
<li><a href=".bashrc">.bashrc</a>
<li><a href=".binwalk/">.binwalk/</a>
<li><a href=".cache/">.cache/</a>
<li><a href=".config/">.config/</a>
<li><a href=".dbus/">.dbus/</a>
<li><a href=".dmrc">.dmrc</a>
<li><a href=".git-credentials">.git-credentials</a>
<li><a href=".gitconfig">.gitconfig</a>
<li><a href=".gnome2/">.gnome2/</a>
<li><a href=".gnupg/">.gnupg/</a>
<li><a href=".ICEauthority">.ICEauthority</a>
<li><a href=".local/">.local/</a>
<li><a href=".mozilla/">.mozilla/</a>
<li><a href=".profile">.profile</a>
<li><a href=".ssh/">.ssh/</a>
<li><a href=".sudo_as_admin_successful">.sudo_as_admin_successful</a>
<li><a href=".vboxclient-clipboard.pid">.vboxclient-clipboard.pid</a>
<li><a href=".vboxclient-display.pid">.vboxclient-display.pid</a>
<li><a href=".vboxclient-draganddrop.pid">.vboxclient-draganddrop.pid</a>
<li><a href=".vboxclient-seamless.pid">.vboxclient-seamless.pid</a>
<li><a href=".wget-hsts">.wget-hsts</a>
<li><a href=".Xauthority">.Xauthority</a>
<li><a href=".xsession-errors">.xsession-errors</a>
<li><a href=".xsession-errors.old">.xsession-errors.old</a>
<li><a href="Desktop/">Desktop/</a>
<li><a href="Dev/">Dev/</a>
<li><a href="Documents/">Documents/</a>
<li><a href="Downloads/">Downloads/</a>
<li><a href="Music/">Music/</a>
<li><a href="Pictures/">Pictures/</a>
<li><a href="Public/">Public/</a>
<li><a href="snap/">snap/</a>
<li><a href="Templates/">Templates/</a>
<li><a href="Videos/">Videos/</a>
</ul>
<hr>
</body>
</html>
Return HTTP Status:  200
